# JRE version: Java(TM) SE Runtime Environment (8.0_211-b12) (build 1.8.0_211-b12)
# Java VM: Java HotSpot(TM) 64-Bit Server VM (25.211-b12 mixed mode windows-amd64 compressed oops)
Heap:
 PSYoungGen      total 282112K, used 78543K [0x00000000d5980000, 0x00000000e7c80000, 0x0000000100000000)
  eden space 266240K, 27% used [0x00000000d5980000,0x00000000da21bbd8,0x00000000e5d80000)
  from space 15872K, 26% used [0x00000000e6d00000,0x00000000e7118188,0x00000000e7c80000)
  to   space 15872K, 0% used [0x00000000e5d80000,0x00000000e5d80000,0x00000000e6d00000)
 ParOldGen       total 87552K, used 32009K [0x0000000080c00000, 0x0000000086180000, 0x00000000d5980000)
  object space 87552K, 36% used [0x0000000080c00000,0x0000000082b42448,0x0000000086180000)
 Metaspace       used 20749K, capacity 21066K, committed 21248K, reserved 1067008K
  class space    used 2625K, capacity 2709K, committed 2816K, reserved 1048576K
GC Heap History (10 events):
Event: 1.693 GC heap before
{Heap before GC invocations=4 (full 0):
 PSYoungGen      total 38400K, used 38399K [0x00000000d5980000, 0x00000000da480000, 0x0000000100000000)
  eden space 33280K, 100% used [0x00000000d5980000,0x00000000d7a00000,0x00000000d7a00000)
  from space 5120K, 99% used [0x00000000d7a00000,0x00000000d7effc40,0x00000000d7f00000)
  to   space 5120K, 0% used [0x00000000d9f80000,0x00000000d9f80000,0x00000000da480000)
 ParOldGen       total 87552K, used 12677K [0x0000000080c00000, 0x0000000086180000, 0x00000000d5980000)
  object space 87552K, 14% used [0x0000000080c00000,0x0000000081861668,0x0000000086180000)
 Metaspace       used 16436K, capacity 16562K, committed 16896K, reserved 1064960K
  class space    used 2197K, capacity 2241K, committed 2304K, reserved 1048576K
Event: 1.703 GC heap after
Heap after GC invocations=4 (full 0):
 PSYoungGen      total 71680K, used 5104K [0x00000000d5980000, 0x00000000da480000, 0x0000000100000000)
  eden space 66560K, 0% used [0x00000000d5980000,0x00000000d5980000,0x00000000d9a80000)
  from space 5120K, 99% used [0x00000000d9f80000,0x00000000da47c020,0x00000000da480000)
  to   space 5120K, 0% used [0x00000000d9a80000,0x00000000d9a80000,0x00000000d9f80000)
 ParOldGen       total 87552K, used 19205K [0x0000000080c00000, 0x0000000086180000, 0x00000000d5980000)
  object space 87552K, 21% used [0x0000000080c00000,0x0000000081ec1578,0x0000000086180000)
 Metaspace       used 16436K, capacity 16562K, committed 16896K, reserved 1064960K
  class space    used 2197K, capacity 2241K, committed 2304K, reserved 1048576K
}
Event: 2.458 GC heap before
{Heap before GC invocations=5 (full 0):
 PSYoungGen      total 71680K, used 71664K [0x00000000d5980000, 0x00000000da480000, 0x0000000100000000)
  eden space 66560K, 100% used [0x00000000d5980000,0x00000000d9a80000,0x00000000d9a80000)
  from space 5120K, 99% used [0x00000000d9f80000,0x00000000da47c020,0x00000000da480000)
  to   space 5120K, 0% used [0x00000000d9a80000,0x00000000d9a80000,0x00000000d9f80000)
 ParOldGen       total 87552K, used 19205K [0x0000000080c00000, 0x0000000086180000, 0x00000000d5980000)
  object space 87552K, 21% used [0x0000000080c00000,0x0000000081ec1578,0x0000000086180000)
 Metaspace       used 18659K, capacity 18870K, committed 18944K, reserved 1064960K
  class space    used 2427K, capacity 2503K, committed 2560K, reserved 1048576K
Event: 2.469 GC heap after
Heap after GC invocations=5 (full 0):
 PSYoungGen      total 71680K, used 5104K [0x00000000d5980000, 0x00000000dfa80000, 0x0000000100000000)
  eden space 66560K, 0% used [0x00000000d5980000,0x00000000d5980000,0x00000000d9a80000)
  from space 5120K, 99% used [0x00000000d9a80000,0x00000000d9f7c050,0x00000000d9f80000)
  to   space 15872K, 0% used [0x00000000deb00000,0x00000000deb00000,0x00000000dfa80000)
 ParOldGen       total 87552K, used 27064K [0x0000000080c00000, 0x0000000086180000, 0x00000000d5980000)
  object space 87552K, 30% used [0x0000000080c00000,0x000000008266e0b8,0x0000000086180000)
 Metaspace       used 18659K, capacity 18870K, committed 18944K, reserved 1064960K
  class space    used 2427K, capacity 2503K, committed 2560K, reserved 1048576K
}
Event: 2.804 GC heap before
{Heap before GC invocations=6 (full 0):
 PSYoungGen      total 71680K, used 71664K [0x00000000d5980000, 0x00000000dfa80000, 0x0000000100000000)
  eden space 66560K, 100% used [0x00000000d5980000,0x00000000d9a80000,0x00000000d9a80000)
  from space 5120K, 99% used [0x00000000d9a80000,0x00000000d9f7c050,0x00000000d9f80000)
  to   space 15872K, 0% used [0x00000000deb00000,0x00000000deb00000,0x00000000dfa80000)
 ParOldGen       total 87552K, used 27064K [0x0000000080c00000, 0x0000000086180000, 0x00000000d5980000)
  object space 87552K, 30% used [0x0000000080c00000,0x000000008266e0b8,0x0000000086180000)
 Metaspace       used 18791K, capacity 19062K, committed 19200K, reserved 1067008K
  class space    used 2427K, capacity 2503K, committed 2560K, reserved 1048576K
Event: 2.812 GC heap after
Heap after GC invocations=6 (full 0):
 PSYoungGen      total 148992K, used 6992K [0x00000000d5980000, 0x00000000dfa80000, 0x0000000100000000)
  eden space 133120K, 0% used [0x00000000d5980000,0x00000000d5980000,0x00000000ddb80000)
  from space 15872K, 44% used [0x00000000deb00000,0x00000000df1d41c8,0x00000000dfa80000)
  to   space 15872K, 0% used [0x00000000ddb80000,0x00000000ddb80000,0x00000000deb00000)
 ParOldGen       total 87552K, used 27064K [0x0000000080c00000, 0x0000000086180000, 0x00000000d5980000)
  object space 87552K, 30% used [0x0000000080c00000,0x000000008266e0b8,0x0000000086180000)
 Metaspace       used 18791K, capacity 19062K, committed 19200K, reserved 1067008K
  class space    used 2427K, capacity 2503K, committed 2560K, reserved 1048576K
}
Event: 3.306 GC heap before
{Heap before GC invocations=7 (full 0):
 PSYoungGen      total 148992K, used 140112K [0x00000000d5980000, 0x00000000dfa80000, 0x0000000100000000)
  eden space 133120K, 100% used [0x00000000d5980000,0x00000000ddb80000,0x00000000ddb80000)
  from space 15872K, 44% used [0x00000000deb00000,0x00000000df1d41c8,0x00000000dfa80000)
  to   space 15872K, 0% used [0x00000000ddb80000,0x00000000ddb80000,0x00000000deb00000)
 ParOldGen       total 87552K, used 27064K [0x0000000080c00000, 0x0000000086180000, 0x00000000d5980000)
  object space 87552K, 30% used [0x0000000080c00000,0x000000008266e0b8,0x0000000086180000)
 Metaspace       used 19690K, capacity 19978K, committed 20096K, reserved 1067008K
  class space    used 2521K, capacity 2581K, committed 2688K, reserved 1048576K
Event: 3.318 GC heap after
Heap after GC invocations=7 (full 0):
 PSYoungGen      total 148992K, used 6224K [0x00000000d5980000, 0x00000000e7c80000, 0x0000000100000000)
  eden space 133120K, 0% used [0x00000000d5980000,0x00000000d5980000,0x00000000ddb80000)
  from space 15872K, 39% used [0x00000000ddb80000,0x00000000de194198,0x00000000deb00000)
  to   space 15872K, 0% used [0x00000000e6d00000,0x00000000e6d00000,0x00000000e7c80000)
 ParOldGen       total 87552K, used 30292K [0x0000000080c00000, 0x0000000086180000, 0x00000000d5980000)
  object space 87552K, 34% used [0x0000000080c00000,0x00000000829953e8,0x0000000086180000)
 Metaspace       used 19690K, capacity 19978K, committed 20096K, reserved 1067008K
  class space    used 2521K, capacity 2581K, committed 2688K, reserved 1048576K
}
Event: 3.684 GC heap before
{Heap before GC invocations=8 (full 0):
 PSYoungGen      total 148992K, used 139344K [0x00000000d5980000, 0x00000000e7c80000, 0x0000000100000000)
  eden space 133120K, 100% used [0x00000000d5980000,0x00000000ddb80000,0x00000000ddb80000)
  from space 15872K, 39% used [0x00000000ddb80000,0x00000000de194198,0x00000000deb00000)
  to   space 15872K, 0% used [0x00000000e6d00000,0x00000000e6d00000,0x00000000e7c80000)
 ParOldGen       total 87552K, used 30292K [0x0000000080c00000, 0x0000000086180000, 0x00000000d5980000)
  object space 87552K, 34% used [0x0000000080c00000,0x00000000829953e8,0x0000000086180000)
 Metaspace       used 19745K, capacity 20042K, committed 20352K, reserved 1067008K
  class space    used 2521K, capacity 2581K, committed 2688K, reserved 1048576K
Event: 3.689 GC heap after
Heap after GC invocations=8 (full 0):
 PSYoungGen      total 282112K, used 4192K [0x00000000d5980000, 0x00000000e7c80000, 0x0000000100000000)
  eden space 266240K, 0% used [0x00000000d5980000,0x00000000d5980000,0x00000000e5d80000)
  from space 15872K, 26% used [0x00000000e6d00000,0x00000000e7118188,0x00000000e7c80000)
  to   space 15872K, 0% used [0x00000000e5d80000,0x00000000e5d80000,0x00000000e6d00000)
 ParOldGen       total 87552K, used 32009K [0x0000000080c00000, 0x0000000086180000, 0x00000000d5980000)
  object space 87552K, 36% used [0x0000000080c00000,0x0000000082b42448,0x0000000086180000)
 Metaspace       used 19745K, capacity 20042K, committed 20352K, reserved 1067008K
  class space    used 2521K, capacity 2581K, committed 2688K, reserved 1048576K
}

